CRITICAL - 2024-09-11 14:54:11 --> CodeIgniter\View\Exceptions\ViewException: Invalid file: "pacientes.php"
[Method: GET, Route: paciente]
in SYSTEMPATH\Exceptions\FrameworkException.php on line 41.
 1 SYSTEMPATH\View\View.php(222): CodeIgniter\Exceptions\FrameworkException::forInvalidFile('pacientes.php')
 2 SYSTEMPATH\Common.php(1171): CodeIgniter\View\View->render('pacientes', [], true)
 3 APPPATH\Controllers\PacienteController.php(13): view('pacientes', [...])
 4 SYSTEMPATH\CodeIgniter.php(933): App\Controllers\PacienteController->index()
 5 SYSTEMPATH\CodeIgniter.php(509): CodeIgniter\CodeIgniter->runController(Object(App\Controllers\PacienteController))
 6 SYSTEMPATH\CodeIgniter.php(355): CodeIgniter\CodeIgniter->handleRequest(null, Object(Config\Cache), false)
 7 SYSTEMPATH\Boot.php(325): CodeIgniter\CodeIgniter->run()
 8 SYSTEMPATH\Boot.php(67): CodeIgniter\Boot::runCodeIgniter(Object(CodeIgniter\CodeIgniter))
 9 FCPATH\index.php(56): CodeIgniter\Boot::bootWeb(Object(Config\Paths))
CRITICAL - 2024-09-11 14:56:49 --> CodeIgniter\View\Exceptions\ViewException: Invalid file: "pacientes.php"
[Method: GET, Route: paciente]
in SYSTEMPATH\Exceptions\FrameworkException.php on line 41.
 1 SYSTEMPATH\View\View.php(222): CodeIgniter\Exceptions\FrameworkException::forInvalidFile('pacientes.php')
 2 SYSTEMPATH\Common.php(1171): CodeIgniter\View\View->render('pacientes', [], true)
 3 APPPATH\Controllers\PacienteController.php(13): view('pacientes', [...])
 4 SYSTEMPATH\CodeIgniter.php(933): App\Controllers\PacienteController->index()
 5 SYSTEMPATH\CodeIgniter.php(509): CodeIgniter\CodeIgniter->runController(Object(App\Controllers\PacienteController))
 6 SYSTEMPATH\CodeIgniter.php(355): CodeIgniter\CodeIgniter->handleRequest(null, Object(Config\Cache), false)
 7 SYSTEMPATH\Boot.php(325): CodeIgniter\CodeIgniter->run()
 8 SYSTEMPATH\Boot.php(67): CodeIgniter\Boot::runCodeIgniter(Object(CodeIgniter\CodeIgniter))
 9 FCPATH\index.php(56): CodeIgniter\Boot::bootWeb(Object(Config\Paths))
CRITICAL - 2024-09-11 14:56:49 --> CodeIgniter\View\Exceptions\ViewException: Invalid file: "pacientes.php"
[Method: GET, Route: paciente]
in SYSTEMPATH\Exceptions\FrameworkException.php on line 41.
 1 SYSTEMPATH\View\View.php(222): CodeIgniter\Exceptions\FrameworkException::forInvalidFile('pacientes.php')
 2 SYSTEMPATH\Common.php(1171): CodeIgniter\View\View->render('pacientes', [], true)
 3 APPPATH\Controllers\PacienteController.php(13): view('pacientes', [...])
 4 SYSTEMPATH\CodeIgniter.php(933): App\Controllers\PacienteController->index()
 5 SYSTEMPATH\CodeIgniter.php(509): CodeIgniter\CodeIgniter->runController(Object(App\Controllers\PacienteController))
 6 SYSTEMPATH\CodeIgniter.php(355): CodeIgniter\CodeIgniter->handleRequest(null, Object(Config\Cache), false)
 7 SYSTEMPATH\Boot.php(325): CodeIgniter\CodeIgniter->run()
 8 SYSTEMPATH\Boot.php(67): CodeIgniter\Boot::runCodeIgniter(Object(CodeIgniter\CodeIgniter))
 9 FCPATH\index.php(56): CodeIgniter\Boot::bootWeb(Object(Config\Paths))
CRITICAL - 2024-09-11 14:56:50 --> CodeIgniter\View\Exceptions\ViewException: Invalid file: "pacientes.php"
[Method: GET, Route: paciente]
in SYSTEMPATH\Exceptions\FrameworkException.php on line 41.
 1 SYSTEMPATH\View\View.php(222): CodeIgniter\Exceptions\FrameworkException::forInvalidFile('pacientes.php')
 2 SYSTEMPATH\Common.php(1171): CodeIgniter\View\View->render('pacientes', [], true)
 3 APPPATH\Controllers\PacienteController.php(13): view('pacientes', [...])
 4 SYSTEMPATH\CodeIgniter.php(933): App\Controllers\PacienteController->index()
 5 SYSTEMPATH\CodeIgniter.php(509): CodeIgniter\CodeIgniter->runController(Object(App\Controllers\PacienteController))
 6 SYSTEMPATH\CodeIgniter.php(355): CodeIgniter\CodeIgniter->handleRequest(null, Object(Config\Cache), false)
 7 SYSTEMPATH\Boot.php(325): CodeIgniter\CodeIgniter->run()
 8 SYSTEMPATH\Boot.php(67): CodeIgniter\Boot::runCodeIgniter(Object(CodeIgniter\CodeIgniter))
 9 FCPATH\index.php(56): CodeIgniter\Boot::bootWeb(Object(Config\Paths))
CRITICAL - 2024-09-11 14:56:50 --> CodeIgniter\View\Exceptions\ViewException: Invalid file: "pacientes.php"
[Method: GET, Route: paciente]
in SYSTEMPATH\Exceptions\FrameworkException.php on line 41.
 1 SYSTEMPATH\View\View.php(222): CodeIgniter\Exceptions\FrameworkException::forInvalidFile('pacientes.php')
 2 SYSTEMPATH\Common.php(1171): CodeIgniter\View\View->render('pacientes', [], true)
 3 APPPATH\Controllers\PacienteController.php(13): view('pacientes', [...])
 4 SYSTEMPATH\CodeIgniter.php(933): App\Controllers\PacienteController->index()
 5 SYSTEMPATH\CodeIgniter.php(509): CodeIgniter\CodeIgniter->runController(Object(App\Controllers\PacienteController))
 6 SYSTEMPATH\CodeIgniter.php(355): CodeIgniter\CodeIgniter->handleRequest(null, Object(Config\Cache), false)
 7 SYSTEMPATH\Boot.php(325): CodeIgniter\CodeIgniter->run()
 8 SYSTEMPATH\Boot.php(67): CodeIgniter\Boot::runCodeIgniter(Object(CodeIgniter\CodeIgniter))
 9 FCPATH\index.php(56): CodeIgniter\Boot::bootWeb(Object(Config\Paths))
CRITICAL - 2024-09-11 14:56:52 --> CodeIgniter\View\Exceptions\ViewException: Invalid file: "pacientes.php"
[Method: GET, Route: paciente]
in SYSTEMPATH\Exceptions\FrameworkException.php on line 41.
 1 SYSTEMPATH\View\View.php(222): CodeIgniter\Exceptions\FrameworkException::forInvalidFile('pacientes.php')
 2 SYSTEMPATH\Common.php(1171): CodeIgniter\View\View->render('pacientes', [], true)
 3 APPPATH\Controllers\PacienteController.php(13): view('pacientes', [...])
 4 SYSTEMPATH\CodeIgniter.php(933): App\Controllers\PacienteController->index()
 5 SYSTEMPATH\CodeIgniter.php(509): CodeIgniter\CodeIgniter->runController(Object(App\Controllers\PacienteController))
 6 SYSTEMPATH\CodeIgniter.php(355): CodeIgniter\CodeIgniter->handleRequest(null, Object(Config\Cache), false)
 7 SYSTEMPATH\Boot.php(325): CodeIgniter\CodeIgniter->run()
 8 SYSTEMPATH\Boot.php(67): CodeIgniter\Boot::runCodeIgniter(Object(CodeIgniter\CodeIgniter))
 9 FCPATH\index.php(56): CodeIgniter\Boot::bootWeb(Object(Config\Paths))
CRITICAL - 2024-09-11 14:57:18 --> CodeIgniter\View\Exceptions\ViewException: Invalid file: "pacientes.php"
[Method: GET, Route: paciente]
in SYSTEMPATH\Exceptions\FrameworkException.php on line 41.
 1 SYSTEMPATH\View\View.php(222): CodeIgniter\Exceptions\FrameworkException::forInvalidFile('pacientes.php')
 2 SYSTEMPATH\Common.php(1171): CodeIgniter\View\View->render('pacientes', [], true)
 3 APPPATH\Controllers\PacienteController.php(13): view('pacientes', [...])
 4 SYSTEMPATH\CodeIgniter.php(933): App\Controllers\PacienteController->index()
 5 SYSTEMPATH\CodeIgniter.php(509): CodeIgniter\CodeIgniter->runController(Object(App\Controllers\PacienteController))
 6 SYSTEMPATH\CodeIgniter.php(355): CodeIgniter\CodeIgniter->handleRequest(null, Object(Config\Cache), false)
 7 SYSTEMPATH\Boot.php(325): CodeIgniter\CodeIgniter->run()
 8 SYSTEMPATH\Boot.php(67): CodeIgniter\Boot::runCodeIgniter(Object(CodeIgniter\CodeIgniter))
 9 FCPATH\index.php(56): CodeIgniter\Boot::bootWeb(Object(Config\Paths))
CRITICAL - 2024-09-11 14:57:58 --> CodeIgniter\View\Exceptions\ViewException: Invalid file: "pacientes.php"
[Method: GET, Route: paciente]
in SYSTEMPATH\Exceptions\FrameworkException.php on line 41.
 1 SYSTEMPATH\View\View.php(222): CodeIgniter\Exceptions\FrameworkException::forInvalidFile('pacientes.php')
 2 SYSTEMPATH\Common.php(1171): CodeIgniter\View\View->render('pacientes', [], true)
 3 APPPATH\Controllers\PacienteController.php(13): view('pacientes', [...])
 4 SYSTEMPATH\CodeIgniter.php(933): App\Controllers\PacienteController->index()
 5 SYSTEMPATH\CodeIgniter.php(509): CodeIgniter\CodeIgniter->runController(Object(App\Controllers\PacienteController))
 6 SYSTEMPATH\CodeIgniter.php(355): CodeIgniter\CodeIgniter->handleRequest(null, Object(Config\Cache), false)
 7 SYSTEMPATH\Boot.php(325): CodeIgniter\CodeIgniter->run()
 8 SYSTEMPATH\Boot.php(67): CodeIgniter\Boot::runCodeIgniter(Object(CodeIgniter\CodeIgniter))
 9 FCPATH\index.php(56): CodeIgniter\Boot::bootWeb(Object(Config\Paths))
CRITICAL - 2024-09-11 14:59:46 --> CodeIgniter\View\Exceptions\ViewException: Invalid file: "pacientes.php"
[Method: GET, Route: paciente]
in SYSTEMPATH\Exceptions\FrameworkException.php on line 41.
 1 SYSTEMPATH\View\View.php(222): CodeIgniter\Exceptions\FrameworkException::forInvalidFile('pacientes.php')
 2 SYSTEMPATH\Common.php(1171): CodeIgniter\View\View->render('pacientes', [], true)
 3 APPPATH\Controllers\PacienteController.php(13): view('pacientes', [...])
 4 SYSTEMPATH\CodeIgniter.php(933): App\Controllers\PacienteController->index()
 5 SYSTEMPATH\CodeIgniter.php(509): CodeIgniter\CodeIgniter->runController(Object(App\Controllers\PacienteController))
 6 SYSTEMPATH\CodeIgniter.php(355): CodeIgniter\CodeIgniter->handleRequest(null, Object(Config\Cache), false)
 7 SYSTEMPATH\Boot.php(325): CodeIgniter\CodeIgniter->run()
 8 SYSTEMPATH\Boot.php(67): CodeIgniter\Boot::runCodeIgniter(Object(CodeIgniter\CodeIgniter))
 9 FCPATH\index.php(56): CodeIgniter\Boot::bootWeb(Object(Config\Paths))
CRITICAL - 2024-09-11 15:01:30 --> CodeIgniter\View\Exceptions\ViewException: Invalid file: "pacientes.php"
[Method: GET, Route: paciente]
in SYSTEMPATH\Exceptions\FrameworkException.php on line 41.
 1 SYSTEMPATH\View\View.php(222): CodeIgniter\Exceptions\FrameworkException::forInvalidFile('pacientes.php')
 2 SYSTEMPATH\Common.php(1171): CodeIgniter\View\View->render('pacientes', [], true)
 3 APPPATH\Controllers\PacienteController.php(13): view('pacientes', [...])
 4 SYSTEMPATH\CodeIgniter.php(933): App\Controllers\PacienteController->index()
 5 SYSTEMPATH\CodeIgniter.php(509): CodeIgniter\CodeIgniter->runController(Object(App\Controllers\PacienteController))
 6 SYSTEMPATH\CodeIgniter.php(355): CodeIgniter\CodeIgniter->handleRequest(null, Object(Config\Cache), false)
 7 SYSTEMPATH\Boot.php(325): CodeIgniter\CodeIgniter->run()
 8 SYSTEMPATH\Boot.php(67): CodeIgniter\Boot::runCodeIgniter(Object(CodeIgniter\CodeIgniter))
 9 FCPATH\index.php(56): CodeIgniter\Boot::bootWeb(Object(Config\Paths))
CRITICAL - 2024-09-11 15:05:39 --> CodeIgniter\View\Exceptions\ViewException: Invalid file: "pacientes.php"
[Method: GET, Route: portal_paciente]
in SYSTEMPATH\Exceptions\FrameworkException.php on line 41.
 1 SYSTEMPATH\View\View.php(222): CodeIgniter\Exceptions\FrameworkException::forInvalidFile('pacientes.php')
 2 SYSTEMPATH\Common.php(1171): CodeIgniter\View\View->render('pacientes', [], true)
 3 APPPATH\Controllers\PacienteController.php(13): view('pacientes', [...])
 4 SYSTEMPATH\CodeIgniter.php(933): App\Controllers\PacienteController->index()
 5 SYSTEMPATH\CodeIgniter.php(509): CodeIgniter\CodeIgniter->runController(Object(App\Controllers\PacienteController))
 6 SYSTEMPATH\CodeIgniter.php(355): CodeIgniter\CodeIgniter->handleRequest(null, Object(Config\Cache), false)
 7 SYSTEMPATH\Boot.php(325): CodeIgniter\CodeIgniter->run()
 8 SYSTEMPATH\Boot.php(67): CodeIgniter\Boot::runCodeIgniter(Object(CodeIgniter\CodeIgniter))
 9 FCPATH\index.php(56): CodeIgniter\Boot::bootWeb(Object(Config\Paths))
