ERROR - 2024-09-19 00:55:25 --> Error connecting to the database: mysqli_sql_exception: Unknown database 'fs2024_proyecto2' in C:\xampp\htdocs\Clinica-Medica-Grupo-4\system\Database\MySQLi\Connection.php:186
Stack trace:
#0 C:\xampp\htdocs\Clinica-Medica-Grupo-4\system\Database\MySQLi\Connection.php(186): mysqli->real_connect('localhost', 'root', Object(SensitiveParameterValue), 'fs2024_proyecto...', 3306, '', 0)
#1 C:\xampp\htdocs\Clinica-Medica-Grupo-4\system\Database\BaseConnection.php(421): CodeIgniter\Database\MySQLi\Connection->connect(false)
#2 C:\xampp\htdocs\Clinica-Medica-Grupo-4\system\Database\BaseConnection.php(616): CodeIgniter\Database\BaseConnection->initialize()
#3 C:\xampp\htdocs\Clinica-Medica-Grupo-4\system\Database\BaseBuilder.php(1644): CodeIgniter\Database\BaseConnection->query('SELECT *\nFROM `...', Array, false)
#4 C:\xampp\htdocs\Clinica-Medica-Grupo-4\system\Model.php(286): CodeIgniter\Database\BaseBuilder->get()
#5 C:\xampp\htdocs\Clinica-Medica-Grupo-4\system\BaseModel.php(676): CodeIgniter\Model->doFindAll(0, 0)
#6 C:\xampp\htdocs\Clinica-Medica-Grupo-4\app\Controllers\Pacientes\PacienteController.php(14): CodeIgniter\BaseModel->findAll()
#7 C:\xampp\htdocs\Clinica-Medica-Grupo-4\system\CodeIgniter.php(933): App\Controllers\Pacientes\PacienteController->index()
#8 C:\xampp\htdocs\Clinica-Medica-Grupo-4\system\CodeIgniter.php(509): CodeIgniter\CodeIgniter->runController(Object(App\Controllers\Pacientes\PacienteController))
#9 C:\xampp\htdocs\Clinica-Medica-Grupo-4\system\CodeIgniter.php(355): CodeIgniter\CodeIgniter->handleRequest(NULL, Object(Config\Cache), false)
#10 C:\xampp\htdocs\Clinica-Medica-Grupo-4\system\Boot.php(325): CodeIgniter\CodeIgniter->run()
#11 C:\xampp\htdocs\Clinica-Medica-Grupo-4\system\Boot.php(67): CodeIgniter\Boot::runCodeIgniter(Object(CodeIgniter\CodeIgniter))
#12 C:\xampp\htdocs\Clinica-Medica-Grupo-4\public\index.php(56): CodeIgniter\Boot::bootWeb(Object(Config\Paths))
#13 {main}

Next CodeIgniter\Database\Exceptions\DatabaseException: Unknown database 'fs2024_proyecto2' in C:\xampp\htdocs\Clinica-Medica-Grupo-4\system\Database\MySQLi\Connection.php:231
Stack trace:
#0 C:\xampp\htdocs\Clinica-Medica-Grupo-4\system\Database\BaseConnection.php(421): CodeIgniter\Database\MySQLi\Connection->connect(false)
#1 C:\xampp\htdocs\Clinica-Medica-Grupo-4\system\Database\BaseConnection.php(616): CodeIgniter\Database\BaseConnection->initialize()
#2 C:\xampp\htdocs\Clinica-Medica-Grupo-4\system\Database\BaseBuilder.php(1644): CodeIgniter\Database\BaseConnection->query('SELECT *\nFROM `...', Array, false)
#3 C:\xampp\htdocs\Clinica-Medica-Grupo-4\system\Model.php(286): CodeIgniter\Database\BaseBuilder->get()
#4 C:\xampp\htdocs\Clinica-Medica-Grupo-4\system\BaseModel.php(676): CodeIgniter\Model->doFindAll(0, 0)
#5 C:\xampp\htdocs\Clinica-Medica-Grupo-4\app\Controllers\Pacientes\PacienteController.php(14): CodeIgniter\BaseModel->findAll()
#6 C:\xampp\htdocs\Clinica-Medica-Grupo-4\system\CodeIgniter.php(933): App\Controllers\Pacientes\PacienteController->index()
#7 C:\xampp\htdocs\Clinica-Medica-Grupo-4\system\CodeIgniter.php(509): CodeIgniter\CodeIgniter->runController(Object(App\Controllers\Pacientes\PacienteController))
#8 C:\xampp\htdocs\Clinica-Medica-Grupo-4\system\CodeIgniter.php(355): CodeIgniter\CodeIgniter->handleRequest(NULL, Object(Config\Cache), false)
#9 C:\xampp\htdocs\Clinica-Medica-Grupo-4\system\Boot.php(325): CodeIgniter\CodeIgniter->run()
#10 C:\xampp\htdocs\Clinica-Medica-Grupo-4\system\Boot.php(67): CodeIgniter\Boot::runCodeIgniter(Object(CodeIgniter\CodeIgniter))
#11 C:\xampp\htdocs\Clinica-Medica-Grupo-4\public\index.php(56): CodeIgniter\Boot::bootWeb(Object(Config\Paths))
#12 {main}
CRITICAL - 2024-09-19 00:55:25 --> CodeIgniter\Database\Exceptions\DatabaseException: Unable to connect to the database.
Main connection [MySQLi]: Unknown database 'fs2024_proyecto2'
[Method: GET, Route: paciente]
in SYSTEMPATH\Database\BaseConnection.php on line 467.
 1 SYSTEMPATH\Database\BaseConnection.php(616): CodeIgniter\Database\BaseConnection->initialize()
 2 SYSTEMPATH\Database\BaseBuilder.php(1644): CodeIgniter\Database\BaseConnection->query('SELECT *
FROM `pacientes`', [], false)
 3 SYSTEMPATH\Model.php(286): CodeIgniter\Database\BaseBuilder->get()
 4 SYSTEMPATH\BaseModel.php(676): CodeIgniter\Model->doFindAll(0, 0)
 5 APPPATH\Controllers\Pacientes\PacienteController.php(14): CodeIgniter\BaseModel->findAll()
 6 SYSTEMPATH\CodeIgniter.php(933): App\Controllers\Pacientes\PacienteController->index()
 7 SYSTEMPATH\CodeIgniter.php(509): CodeIgniter\CodeIgniter->runController(Object(App\Controllers\Pacientes\PacienteController))
 8 SYSTEMPATH\CodeIgniter.php(355): CodeIgniter\CodeIgniter->handleRequest(null, Object(Config\Cache), false)
 9 SYSTEMPATH\Boot.php(325): CodeIgniter\CodeIgniter->run()
10 SYSTEMPATH\Boot.php(67): CodeIgniter\Boot::runCodeIgniter(Object(CodeIgniter\CodeIgniter))
11 FCPATH\index.php(56): CodeIgniter\Boot::bootWeb(Object(Config\Paths))
ERROR - 2024-09-19 00:55:59 --> Error connecting to the database: mysqli_sql_exception: Unknown database 'fs2024_proyecto2' in C:\xampp\htdocs\Clinica-Medica-Grupo-4\system\Database\MySQLi\Connection.php:186
Stack trace:
#0 C:\xampp\htdocs\Clinica-Medica-Grupo-4\system\Database\MySQLi\Connection.php(186): mysqli->real_connect('localhost', 'root', Object(SensitiveParameterValue), 'fs2024_proyecto...', 3306, '', 0)
#1 C:\xampp\htdocs\Clinica-Medica-Grupo-4\system\Database\BaseConnection.php(421): CodeIgniter\Database\MySQLi\Connection->connect(false)
#2 C:\xampp\htdocs\Clinica-Medica-Grupo-4\system\Database\BaseConnection.php(616): CodeIgniter\Database\BaseConnection->initialize()
#3 C:\xampp\htdocs\Clinica-Medica-Grupo-4\system\Database\BaseBuilder.php(1644): CodeIgniter\Database\BaseConnection->query('SELECT *\nFROM `...', Array, false)
#4 C:\xampp\htdocs\Clinica-Medica-Grupo-4\system\Model.php(286): CodeIgniter\Database\BaseBuilder->get()
#5 C:\xampp\htdocs\Clinica-Medica-Grupo-4\system\BaseModel.php(676): CodeIgniter\Model->doFindAll(0, 0)
#6 C:\xampp\htdocs\Clinica-Medica-Grupo-4\app\Controllers\Pacientes\PacienteController.php(14): CodeIgniter\BaseModel->findAll()
#7 C:\xampp\htdocs\Clinica-Medica-Grupo-4\system\CodeIgniter.php(933): App\Controllers\Pacientes\PacienteController->index()
#8 C:\xampp\htdocs\Clinica-Medica-Grupo-4\system\CodeIgniter.php(509): CodeIgniter\CodeIgniter->runController(Object(App\Controllers\Pacientes\PacienteController))
#9 C:\xampp\htdocs\Clinica-Medica-Grupo-4\system\CodeIgniter.php(355): CodeIgniter\CodeIgniter->handleRequest(NULL, Object(Config\Cache), false)
#10 C:\xampp\htdocs\Clinica-Medica-Grupo-4\system\Boot.php(325): CodeIgniter\CodeIgniter->run()
#11 C:\xampp\htdocs\Clinica-Medica-Grupo-4\system\Boot.php(67): CodeIgniter\Boot::runCodeIgniter(Object(CodeIgniter\CodeIgniter))
#12 C:\xampp\htdocs\Clinica-Medica-Grupo-4\public\index.php(56): CodeIgniter\Boot::bootWeb(Object(Config\Paths))
#13 {main}

Next CodeIgniter\Database\Exceptions\DatabaseException: Unknown database 'fs2024_proyecto2' in C:\xampp\htdocs\Clinica-Medica-Grupo-4\system\Database\MySQLi\Connection.php:231
Stack trace:
#0 C:\xampp\htdocs\Clinica-Medica-Grupo-4\system\Database\BaseConnection.php(421): CodeIgniter\Database\MySQLi\Connection->connect(false)
#1 C:\xampp\htdocs\Clinica-Medica-Grupo-4\system\Database\BaseConnection.php(616): CodeIgniter\Database\BaseConnection->initialize()
#2 C:\xampp\htdocs\Clinica-Medica-Grupo-4\system\Database\BaseBuilder.php(1644): CodeIgniter\Database\BaseConnection->query('SELECT *\nFROM `...', Array, false)
#3 C:\xampp\htdocs\Clinica-Medica-Grupo-4\system\Model.php(286): CodeIgniter\Database\BaseBuilder->get()
#4 C:\xampp\htdocs\Clinica-Medica-Grupo-4\system\BaseModel.php(676): CodeIgniter\Model->doFindAll(0, 0)
#5 C:\xampp\htdocs\Clinica-Medica-Grupo-4\app\Controllers\Pacientes\PacienteController.php(14): CodeIgniter\BaseModel->findAll()
#6 C:\xampp\htdocs\Clinica-Medica-Grupo-4\system\CodeIgniter.php(933): App\Controllers\Pacientes\PacienteController->index()
#7 C:\xampp\htdocs\Clinica-Medica-Grupo-4\system\CodeIgniter.php(509): CodeIgniter\CodeIgniter->runController(Object(App\Controllers\Pacientes\PacienteController))
#8 C:\xampp\htdocs\Clinica-Medica-Grupo-4\system\CodeIgniter.php(355): CodeIgniter\CodeIgniter->handleRequest(NULL, Object(Config\Cache), false)
#9 C:\xampp\htdocs\Clinica-Medica-Grupo-4\system\Boot.php(325): CodeIgniter\CodeIgniter->run()
#10 C:\xampp\htdocs\Clinica-Medica-Grupo-4\system\Boot.php(67): CodeIgniter\Boot::runCodeIgniter(Object(CodeIgniter\CodeIgniter))
#11 C:\xampp\htdocs\Clinica-Medica-Grupo-4\public\index.php(56): CodeIgniter\Boot::bootWeb(Object(Config\Paths))
#12 {main}
CRITICAL - 2024-09-19 00:55:59 --> CodeIgniter\Database\Exceptions\DatabaseException: Unable to connect to the database.
Main connection [MySQLi]: Unknown database 'fs2024_proyecto2'
[Method: GET, Route: paciente]
in SYSTEMPATH\Database\BaseConnection.php on line 467.
 1 SYSTEMPATH\Database\BaseConnection.php(616): CodeIgniter\Database\BaseConnection->initialize()
 2 SYSTEMPATH\Database\BaseBuilder.php(1644): CodeIgniter\Database\BaseConnection->query('SELECT *
FROM `pacientes`', [], false)
 3 SYSTEMPATH\Model.php(286): CodeIgniter\Database\BaseBuilder->get()
 4 SYSTEMPATH\BaseModel.php(676): CodeIgniter\Model->doFindAll(0, 0)
 5 APPPATH\Controllers\Pacientes\PacienteController.php(14): CodeIgniter\BaseModel->findAll()
 6 SYSTEMPATH\CodeIgniter.php(933): App\Controllers\Pacientes\PacienteController->index()
 7 SYSTEMPATH\CodeIgniter.php(509): CodeIgniter\CodeIgniter->runController(Object(App\Controllers\Pacientes\PacienteController))
 8 SYSTEMPATH\CodeIgniter.php(355): CodeIgniter\CodeIgniter->handleRequest(null, Object(Config\Cache), false)
 9 SYSTEMPATH\Boot.php(325): CodeIgniter\CodeIgniter->run()
10 SYSTEMPATH\Boot.php(67): CodeIgniter\Boot::runCodeIgniter(Object(CodeIgniter\CodeIgniter))
11 FCPATH\index.php(56): CodeIgniter\Boot::bootWeb(Object(Config\Paths))
ERROR - 2024-09-19 01:01:56 --> Error connecting to the database: mysqli_sql_exception: Unknown database 'fs2024_proyecto2' in C:\xampp\htdocs\Clinica-Medica-Grupo-4\system\Database\MySQLi\Connection.php:186
Stack trace:
#0 C:\xampp\htdocs\Clinica-Medica-Grupo-4\system\Database\MySQLi\Connection.php(186): mysqli->real_connect('localhost', 'root', Object(SensitiveParameterValue), 'fs2024_proyecto...', 3306, '', 0)
#1 C:\xampp\htdocs\Clinica-Medica-Grupo-4\system\Database\BaseConnection.php(421): CodeIgniter\Database\MySQLi\Connection->connect(false)
#2 C:\xampp\htdocs\Clinica-Medica-Grupo-4\system\Database\BaseConnection.php(616): CodeIgniter\Database\BaseConnection->initialize()
#3 C:\xampp\htdocs\Clinica-Medica-Grupo-4\system\Database\BaseBuilder.php(1644): CodeIgniter\Database\BaseConnection->query('SELECT *\nFROM `...', Array, false)
#4 C:\xampp\htdocs\Clinica-Medica-Grupo-4\system\Model.php(286): CodeIgniter\Database\BaseBuilder->get()
#5 C:\xampp\htdocs\Clinica-Medica-Grupo-4\system\BaseModel.php(676): CodeIgniter\Model->doFindAll(0, 0)
#6 C:\xampp\htdocs\Clinica-Medica-Grupo-4\app\Controllers\Pacientes\CitamedicaController.php(14): CodeIgniter\BaseModel->findAll()
#7 C:\xampp\htdocs\Clinica-Medica-Grupo-4\system\CodeIgniter.php(933): App\Controllers\Pacientes\CitaMedicaController->index()
#8 C:\xampp\htdocs\Clinica-Medica-Grupo-4\system\CodeIgniter.php(509): CodeIgniter\CodeIgniter->runController(Object(App\Controllers\Pacientes\CitaMedicaController))
#9 C:\xampp\htdocs\Clinica-Medica-Grupo-4\system\CodeIgniter.php(355): CodeIgniter\CodeIgniter->handleRequest(NULL, Object(Config\Cache), false)
#10 C:\xampp\htdocs\Clinica-Medica-Grupo-4\system\Boot.php(325): CodeIgniter\CodeIgniter->run()
#11 C:\xampp\htdocs\Clinica-Medica-Grupo-4\system\Boot.php(67): CodeIgniter\Boot::runCodeIgniter(Object(CodeIgniter\CodeIgniter))
#12 C:\xampp\htdocs\Clinica-Medica-Grupo-4\public\index.php(56): CodeIgniter\Boot::bootWeb(Object(Config\Paths))
#13 {main}

Next CodeIgniter\Database\Exceptions\DatabaseException: Unknown database 'fs2024_proyecto2' in C:\xampp\htdocs\Clinica-Medica-Grupo-4\system\Database\MySQLi\Connection.php:231
Stack trace:
#0 C:\xampp\htdocs\Clinica-Medica-Grupo-4\system\Database\BaseConnection.php(421): CodeIgniter\Database\MySQLi\Connection->connect(false)
#1 C:\xampp\htdocs\Clinica-Medica-Grupo-4\system\Database\BaseConnection.php(616): CodeIgniter\Database\BaseConnection->initialize()
#2 C:\xampp\htdocs\Clinica-Medica-Grupo-4\system\Database\BaseBuilder.php(1644): CodeIgniter\Database\BaseConnection->query('SELECT *\nFROM `...', Array, false)
#3 C:\xampp\htdocs\Clinica-Medica-Grupo-4\system\Model.php(286): CodeIgniter\Database\BaseBuilder->get()
#4 C:\xampp\htdocs\Clinica-Medica-Grupo-4\system\BaseModel.php(676): CodeIgniter\Model->doFindAll(0, 0)
#5 C:\xampp\htdocs\Clinica-Medica-Grupo-4\app\Controllers\Pacientes\CitamedicaController.php(14): CodeIgniter\BaseModel->findAll()
#6 C:\xampp\htdocs\Clinica-Medica-Grupo-4\system\CodeIgniter.php(933): App\Controllers\Pacientes\CitaMedicaController->index()
#7 C:\xampp\htdocs\Clinica-Medica-Grupo-4\system\CodeIgniter.php(509): CodeIgniter\CodeIgniter->runController(Object(App\Controllers\Pacientes\CitaMedicaController))
#8 C:\xampp\htdocs\Clinica-Medica-Grupo-4\system\CodeIgniter.php(355): CodeIgniter\CodeIgniter->handleRequest(NULL, Object(Config\Cache), false)
#9 C:\xampp\htdocs\Clinica-Medica-Grupo-4\system\Boot.php(325): CodeIgniter\CodeIgniter->run()
#10 C:\xampp\htdocs\Clinica-Medica-Grupo-4\system\Boot.php(67): CodeIgniter\Boot::runCodeIgniter(Object(CodeIgniter\CodeIgniter))
#11 C:\xampp\htdocs\Clinica-Medica-Grupo-4\public\index.php(56): CodeIgniter\Boot::bootWeb(Object(Config\Paths))
#12 {main}
CRITICAL - 2024-09-19 01:01:56 --> CodeIgniter\Database\Exceptions\DatabaseException: Unable to connect to the database.
Main connection [MySQLi]: Unknown database 'fs2024_proyecto2'
[Method: GET, Route: citas-medicas]
in SYSTEMPATH\Database\BaseConnection.php on line 467.
 1 SYSTEMPATH\Database\BaseConnection.php(616): CodeIgniter\Database\BaseConnection->initialize()
 2 SYSTEMPATH\Database\BaseBuilder.php(1644): CodeIgniter\Database\BaseConnection->query('SELECT *
FROM `citas`', [], false)
 3 SYSTEMPATH\Model.php(286): CodeIgniter\Database\BaseBuilder->get()
 4 SYSTEMPATH\BaseModel.php(676): CodeIgniter\Model->doFindAll(0, 0)
 5 APPPATH\Controllers\Pacientes\CitamedicaController.php(14): CodeIgniter\BaseModel->findAll()
 6 SYSTEMPATH\CodeIgniter.php(933): App\Controllers\Pacientes\CitaMedicaController->index()
 7 SYSTEMPATH\CodeIgniter.php(509): CodeIgniter\CodeIgniter->runController(Object(App\Controllers\Pacientes\CitaMedicaController))
 8 SYSTEMPATH\CodeIgniter.php(355): CodeIgniter\CodeIgniter->handleRequest(null, Object(Config\Cache), false)
 9 SYSTEMPATH\Boot.php(325): CodeIgniter\CodeIgniter->run()
10 SYSTEMPATH\Boot.php(67): CodeIgniter\Boot::runCodeIgniter(Object(CodeIgniter\CodeIgniter))
11 FCPATH\index.php(56): CodeIgniter\Boot::bootWeb(Object(Config\Paths))
