ERROR - 2024-09-25 14:48:50 --> mysqli_sql_exception: Cannot add or update a child row: a foreign key constraint fails (`fs2024_proyecto2`.`pacientes`, CONSTRAINT `fk_id_genero` FOREIGN KEY (`id_genero`) REFERENCES `generos` (`id_genero`) ON DELETE CASCADE ON UPDATE CASCADE) in C:\xampp\htdocs\Clinica-Medica-Grupo-4\system\Database\MySQLi\Connection.php:312
Stack trace:
#0 C:\xampp\htdocs\Clinica-Medica-Grupo-4\system\Database\MySQLi\Connection.php(312): mysqli->query('UPDATE `pacient...', 0)
#1 C:\xampp\htdocs\Clinica-Medica-Grupo-4\system\Database\BaseConnection.php(734): CodeIgniter\Database\MySQLi\Connection->execute('UPDATE `pacient...')
#2 C:\xampp\htdocs\Clinica-Medica-Grupo-4\system\Database\BaseConnection.php(648): CodeIgniter\Database\BaseConnection->simpleQuery('UPDATE `pacient...')
#3 C:\xampp\htdocs\Clinica-Medica-Grupo-4\system\Database\BaseBuilder.php(2516): CodeIgniter\Database\BaseConnection->query('UPDATE `pacient...', Array, false)
#4 C:\xampp\htdocs\Clinica-Medica-Grupo-4\system\Model.php(461): CodeIgniter\Database\BaseBuilder->update()
#5 C:\xampp\htdocs\Clinica-Medica-Grupo-4\system\BaseModel.php(1028): CodeIgniter\Model->doUpdate(Array, Array)
#6 C:\xampp\htdocs\Clinica-Medica-Grupo-4\system\Model.php(865): CodeIgniter\BaseModel->update(Array, Array)
#7 C:\xampp\htdocs\Clinica-Medica-Grupo-4\app\Controllers\Pacientes\PacienteController.php(63): CodeIgniter\Model->update('3', Array)
#8 C:\xampp\htdocs\Clinica-Medica-Grupo-4\system\CodeIgniter.php(933): App\Controllers\Pacientes\PacienteController->actualizar()
#9 C:\xampp\htdocs\Clinica-Medica-Grupo-4\system\CodeIgniter.php(509): CodeIgniter\CodeIgniter->runController(Object(App\Controllers\Pacientes\PacienteController))
#10 C:\xampp\htdocs\Clinica-Medica-Grupo-4\system\CodeIgniter.php(355): CodeIgniter\CodeIgniter->handleRequest(NULL, Object(Config\Cache), false)
#11 C:\xampp\htdocs\Clinica-Medica-Grupo-4\system\Boot.php(325): CodeIgniter\CodeIgniter->run()
#12 C:\xampp\htdocs\Clinica-Medica-Grupo-4\system\Boot.php(67): CodeIgniter\Boot::runCodeIgniter(Object(CodeIgniter\CodeIgniter))
#13 C:\xampp\htdocs\Clinica-Medica-Grupo-4\public\index.php(56): CodeIgniter\Boot::bootWeb(Object(Config\Paths))
#14 {main}
CRITICAL - 2024-09-25 14:48:50 --> CodeIgniter\Database\Exceptions\DatabaseException: Cannot add or update a child row: a foreign key constraint fails (`fs2024_proyecto2`.`pacientes`, CONSTRAINT `fk_id_genero` FOREIGN KEY (`id_genero`) REFERENCES `generos` (`id_genero`) ON DELETE CASCADE ON UPDATE CASCADE)
[Method: POST, Route: pacientes/actualizar_perfil]
in SYSTEMPATH\Database\BaseConnection.php on line 688.
 1 SYSTEMPATH\Database\BaseBuilder.php(2516): CodeIgniter\Database\BaseConnection->query('UPDATE `pacientes` SET `telefono` = :telefono:, `direccion` = :direccion:, `peso` = :peso:, `altura` = :altura:, `id_genero` = :id_genero:, `activo` = :activo:
WHERE `pacientes`.`id_paciente` IN :pacientes.id_paciente:', [...], false)
 2 SYSTEMPATH\Model.php(461): CodeIgniter\Database\BaseBuilder->update()
 3 SYSTEMPATH\BaseModel.php(1028): CodeIgniter\Model->doUpdate([...], [...])
 4 SYSTEMPATH\Model.php(865): CodeIgniter\BaseModel->update([...], [...])
 5 APPPATH\Controllers\Pacientes\PacienteController.php(63): CodeIgniter\Model->update('3', [...])
 6 SYSTEMPATH\CodeIgniter.php(933): App\Controllers\Pacientes\PacienteController->actualizar()
 7 SYSTEMPATH\CodeIgniter.php(509): CodeIgniter\CodeIgniter->runController(Object(App\Controllers\Pacientes\PacienteController))
 8 SYSTEMPATH\CodeIgniter.php(355): CodeIgniter\CodeIgniter->handleRequest(null, Object(Config\Cache), false)
 9 SYSTEMPATH\Boot.php(325): CodeIgniter\CodeIgniter->run()
10 SYSTEMPATH\Boot.php(67): CodeIgniter\Boot::runCodeIgniter(Object(CodeIgniter\CodeIgniter))
11 FCPATH\index.php(56): CodeIgniter\Boot::bootWeb(Object(Config\Paths))
CRITICAL - 2024-09-25 14:48:50 --> [Caused by] CodeIgniter\Database\Exceptions\DatabaseException: Cannot add or update a child row: a foreign key constraint fails (`fs2024_proyecto2`.`pacientes`, CONSTRAINT `fk_id_genero` FOREIGN KEY (`id_genero`) REFERENCES `generos` (`id_genero`) ON DELETE CASCADE ON UPDATE CASCADE)
in SYSTEMPATH\Database\MySQLi\Connection.php on line 317.
 1 SYSTEMPATH\Database\BaseConnection.php(734): CodeIgniter\Database\MySQLi\Connection->execute('UPDATE `pacientes` SET `telefono` = NULL, `direccion` = NULL, `peso` = NULL, `altura` = NULL, `id_genero` = NULL, `activo` = NULL
WHERE `pacientes`.`id_paciente` IN (\'3\')')
 2 SYSTEMPATH\Database\BaseConnection.php(648): CodeIgniter\Database\BaseConnection->simpleQuery('UPDATE `pacientes` SET `telefono` = NULL, `direccion` = NULL, `peso` = NULL, `altura` = NULL, `id_genero` = NULL, `activo` = NULL
WHERE `pacientes`.`id_paciente` IN (\'3\')')
 3 SYSTEMPATH\Database\BaseBuilder.php(2516): CodeIgniter\Database\BaseConnection->query('UPDATE `pacientes` SET `telefono` = :telefono:, `direccion` = :direccion:, `peso` = :peso:, `altura` = :altura:, `id_genero` = :id_genero:, `activo` = :activo:
WHERE `pacientes`.`id_paciente` IN :pacientes.id_paciente:', [...], false)
 4 SYSTEMPATH\Model.php(461): CodeIgniter\Database\BaseBuilder->update()
 5 SYSTEMPATH\BaseModel.php(1028): CodeIgniter\Model->doUpdate([...], [...])
 6 SYSTEMPATH\Model.php(865): CodeIgniter\BaseModel->update([...], [...])
 7 APPPATH\Controllers\Pacientes\PacienteController.php(63): CodeIgniter\Model->update('3', [...])
 8 SYSTEMPATH\CodeIgniter.php(933): App\Controllers\Pacientes\PacienteController->actualizar()
 9 SYSTEMPATH\CodeIgniter.php(509): CodeIgniter\CodeIgniter->runController(Object(App\Controllers\Pacientes\PacienteController))
10 SYSTEMPATH\CodeIgniter.php(355): CodeIgniter\CodeIgniter->handleRequest(null, Object(Config\Cache), false)
11 SYSTEMPATH\Boot.php(325): CodeIgniter\CodeIgniter->run()
12 SYSTEMPATH\Boot.php(67): CodeIgniter\Boot::runCodeIgniter(Object(CodeIgniter\CodeIgniter))
13 FCPATH\index.php(56): CodeIgniter\Boot::bootWeb(Object(Config\Paths))
CRITICAL - 2024-09-25 14:48:50 --> [Caused by] mysqli_sql_exception: Cannot add or update a child row: a foreign key constraint fails (`fs2024_proyecto2`.`pacientes`, CONSTRAINT `fk_id_genero` FOREIGN KEY (`id_genero`) REFERENCES `generos` (`id_genero`) ON DELETE CASCADE ON UPDATE CASCADE)
in SYSTEMPATH\Database\MySQLi\Connection.php on line 312.
 1 SYSTEMPATH\Database\MySQLi\Connection.php(312): mysqli->query('UPDATE `pacientes` SET `telefono` = NULL, `direccion` = NULL, `peso` = NULL, `altura` = NULL, `id_genero` = NULL, `activo` = NULL
WHERE `pacientes`.`id_paciente` IN (\'3\')', 0)
 2 SYSTEMPATH\Database\BaseConnection.php(734): CodeIgniter\Database\MySQLi\Connection->execute('UPDATE `pacientes` SET `telefono` = NULL, `direccion` = NULL, `peso` = NULL, `altura` = NULL, `id_genero` = NULL, `activo` = NULL
WHERE `pacientes`.`id_paciente` IN (\'3\')')
 3 SYSTEMPATH\Database\BaseConnection.php(648): CodeIgniter\Database\BaseConnection->simpleQuery('UPDATE `pacientes` SET `telefono` = NULL, `direccion` = NULL, `peso` = NULL, `altura` = NULL, `id_genero` = NULL, `activo` = NULL
WHERE `pacientes`.`id_paciente` IN (\'3\')')
 4 SYSTEMPATH\Database\BaseBuilder.php(2516): CodeIgniter\Database\BaseConnection->query('UPDATE `pacientes` SET `telefono` = :telefono:, `direccion` = :direccion:, `peso` = :peso:, `altura` = :altura:, `id_genero` = :id_genero:, `activo` = :activo:
WHERE `pacientes`.`id_paciente` IN :pacientes.id_paciente:', [...], false)
 5 SYSTEMPATH\Model.php(461): CodeIgniter\Database\BaseBuilder->update()
 6 SYSTEMPATH\BaseModel.php(1028): CodeIgniter\Model->doUpdate([...], [...])
 7 SYSTEMPATH\Model.php(865): CodeIgniter\BaseModel->update([...], [...])
 8 APPPATH\Controllers\Pacientes\PacienteController.php(63): CodeIgniter\Model->update('3', [...])
 9 SYSTEMPATH\CodeIgniter.php(933): App\Controllers\Pacientes\PacienteController->actualizar()
10 SYSTEMPATH\CodeIgniter.php(509): CodeIgniter\CodeIgniter->runController(Object(App\Controllers\Pacientes\PacienteController))
11 SYSTEMPATH\CodeIgniter.php(355): CodeIgniter\CodeIgniter->handleRequest(null, Object(Config\Cache), false)
12 SYSTEMPATH\Boot.php(325): CodeIgniter\CodeIgniter->run()
13 SYSTEMPATH\Boot.php(67): CodeIgniter\Boot::runCodeIgniter(Object(CodeIgniter\CodeIgniter))
14 FCPATH\index.php(56): CodeIgniter\Boot::bootWeb(Object(Config\Paths))
ERROR - 2024-09-25 14:49:22 --> mysqli_sql_exception: Cannot add or update a child row: a foreign key constraint fails (`fs2024_proyecto2`.`pacientes`, CONSTRAINT `fk_id_genero` FOREIGN KEY (`id_genero`) REFERENCES `generos` (`id_genero`) ON DELETE CASCADE ON UPDATE CASCADE) in C:\xampp\htdocs\Clinica-Medica-Grupo-4\system\Database\MySQLi\Connection.php:312
Stack trace:
#0 C:\xampp\htdocs\Clinica-Medica-Grupo-4\system\Database\MySQLi\Connection.php(312): mysqli->query('UPDATE `pacient...', 0)
#1 C:\xampp\htdocs\Clinica-Medica-Grupo-4\system\Database\BaseConnection.php(734): CodeIgniter\Database\MySQLi\Connection->execute('UPDATE `pacient...')
#2 C:\xampp\htdocs\Clinica-Medica-Grupo-4\system\Database\BaseConnection.php(648): CodeIgniter\Database\BaseConnection->simpleQuery('UPDATE `pacient...')
#3 C:\xampp\htdocs\Clinica-Medica-Grupo-4\system\Database\BaseBuilder.php(2516): CodeIgniter\Database\BaseConnection->query('UPDATE `pacient...', Array, false)
#4 C:\xampp\htdocs\Clinica-Medica-Grupo-4\system\Model.php(461): CodeIgniter\Database\BaseBuilder->update()
#5 C:\xampp\htdocs\Clinica-Medica-Grupo-4\system\BaseModel.php(1028): CodeIgniter\Model->doUpdate(Array, Array)
#6 C:\xampp\htdocs\Clinica-Medica-Grupo-4\system\Model.php(865): CodeIgniter\BaseModel->update(Array, Array)
#7 C:\xampp\htdocs\Clinica-Medica-Grupo-4\app\Controllers\Pacientes\PacienteController.php(63): CodeIgniter\Model->update('3', Array)
#8 C:\xampp\htdocs\Clinica-Medica-Grupo-4\system\CodeIgniter.php(933): App\Controllers\Pacientes\PacienteController->actualizar()
#9 C:\xampp\htdocs\Clinica-Medica-Grupo-4\system\CodeIgniter.php(509): CodeIgniter\CodeIgniter->runController(Object(App\Controllers\Pacientes\PacienteController))
#10 C:\xampp\htdocs\Clinica-Medica-Grupo-4\system\CodeIgniter.php(355): CodeIgniter\CodeIgniter->handleRequest(NULL, Object(Config\Cache), false)
#11 C:\xampp\htdocs\Clinica-Medica-Grupo-4\system\Boot.php(325): CodeIgniter\CodeIgniter->run()
#12 C:\xampp\htdocs\Clinica-Medica-Grupo-4\system\Boot.php(67): CodeIgniter\Boot::runCodeIgniter(Object(CodeIgniter\CodeIgniter))
#13 C:\xampp\htdocs\Clinica-Medica-Grupo-4\public\index.php(56): CodeIgniter\Boot::bootWeb(Object(Config\Paths))
#14 {main}
CRITICAL - 2024-09-25 14:49:22 --> CodeIgniter\Database\Exceptions\DatabaseException: Cannot add or update a child row: a foreign key constraint fails (`fs2024_proyecto2`.`pacientes`, CONSTRAINT `fk_id_genero` FOREIGN KEY (`id_genero`) REFERENCES `generos` (`id_genero`) ON DELETE CASCADE ON UPDATE CASCADE)
[Method: POST, Route: pacientes/actualizar_perfil]
in SYSTEMPATH\Database\BaseConnection.php on line 688.
 1 SYSTEMPATH\Database\BaseBuilder.php(2516): CodeIgniter\Database\BaseConnection->query('UPDATE `pacientes` SET `telefono` = :telefono:, `direccion` = :direccion:, `peso` = :peso:, `altura` = :altura:, `id_genero` = :id_genero:, `activo` = :activo:
WHERE `pacientes`.`id_paciente` IN :pacientes.id_paciente:', [...], false)
 2 SYSTEMPATH\Model.php(461): CodeIgniter\Database\BaseBuilder->update()
 3 SYSTEMPATH\BaseModel.php(1028): CodeIgniter\Model->doUpdate([...], [...])
 4 SYSTEMPATH\Model.php(865): CodeIgniter\BaseModel->update([...], [...])
 5 APPPATH\Controllers\Pacientes\PacienteController.php(63): CodeIgniter\Model->update('3', [...])
 6 SYSTEMPATH\CodeIgniter.php(933): App\Controllers\Pacientes\PacienteController->actualizar()
 7 SYSTEMPATH\CodeIgniter.php(509): CodeIgniter\CodeIgniter->runController(Object(App\Controllers\Pacientes\PacienteController))
 8 SYSTEMPATH\CodeIgniter.php(355): CodeIgniter\CodeIgniter->handleRequest(null, Object(Config\Cache), false)
 9 SYSTEMPATH\Boot.php(325): CodeIgniter\CodeIgniter->run()
10 SYSTEMPATH\Boot.php(67): CodeIgniter\Boot::runCodeIgniter(Object(CodeIgniter\CodeIgniter))
11 FCPATH\index.php(56): CodeIgniter\Boot::bootWeb(Object(Config\Paths))
CRITICAL - 2024-09-25 14:49:22 --> [Caused by] CodeIgniter\Database\Exceptions\DatabaseException: Cannot add or update a child row: a foreign key constraint fails (`fs2024_proyecto2`.`pacientes`, CONSTRAINT `fk_id_genero` FOREIGN KEY (`id_genero`) REFERENCES `generos` (`id_genero`) ON DELETE CASCADE ON UPDATE CASCADE)
in SYSTEMPATH\Database\MySQLi\Connection.php on line 317.
 1 SYSTEMPATH\Database\BaseConnection.php(734): CodeIgniter\Database\MySQLi\Connection->execute('UPDATE `pacientes` SET `telefono` = NULL, `direccion` = NULL, `peso` = NULL, `altura` = NULL, `id_genero` = NULL, `activo` = NULL
WHERE `pacientes`.`id_paciente` IN (\'3\')')
 2 SYSTEMPATH\Database\BaseConnection.php(648): CodeIgniter\Database\BaseConnection->simpleQuery('UPDATE `pacientes` SET `telefono` = NULL, `direccion` = NULL, `peso` = NULL, `altura` = NULL, `id_genero` = NULL, `activo` = NULL
WHERE `pacientes`.`id_paciente` IN (\'3\')')
 3 SYSTEMPATH\Database\BaseBuilder.php(2516): CodeIgniter\Database\BaseConnection->query('UPDATE `pacientes` SET `telefono` = :telefono:, `direccion` = :direccion:, `peso` = :peso:, `altura` = :altura:, `id_genero` = :id_genero:, `activo` = :activo:
WHERE `pacientes`.`id_paciente` IN :pacientes.id_paciente:', [...], false)
 4 SYSTEMPATH\Model.php(461): CodeIgniter\Database\BaseBuilder->update()
 5 SYSTEMPATH\BaseModel.php(1028): CodeIgniter\Model->doUpdate([...], [...])
 6 SYSTEMPATH\Model.php(865): CodeIgniter\BaseModel->update([...], [...])
 7 APPPATH\Controllers\Pacientes\PacienteController.php(63): CodeIgniter\Model->update('3', [...])
 8 SYSTEMPATH\CodeIgniter.php(933): App\Controllers\Pacientes\PacienteController->actualizar()
 9 SYSTEMPATH\CodeIgniter.php(509): CodeIgniter\CodeIgniter->runController(Object(App\Controllers\Pacientes\PacienteController))
10 SYSTEMPATH\CodeIgniter.php(355): CodeIgniter\CodeIgniter->handleRequest(null, Object(Config\Cache), false)
11 SYSTEMPATH\Boot.php(325): CodeIgniter\CodeIgniter->run()
12 SYSTEMPATH\Boot.php(67): CodeIgniter\Boot::runCodeIgniter(Object(CodeIgniter\CodeIgniter))
13 FCPATH\index.php(56): CodeIgniter\Boot::bootWeb(Object(Config\Paths))
CRITICAL - 2024-09-25 14:49:22 --> [Caused by] mysqli_sql_exception: Cannot add or update a child row: a foreign key constraint fails (`fs2024_proyecto2`.`pacientes`, CONSTRAINT `fk_id_genero` FOREIGN KEY (`id_genero`) REFERENCES `generos` (`id_genero`) ON DELETE CASCADE ON UPDATE CASCADE)
in SYSTEMPATH\Database\MySQLi\Connection.php on line 312.
 1 SYSTEMPATH\Database\MySQLi\Connection.php(312): mysqli->query('UPDATE `pacientes` SET `telefono` = NULL, `direccion` = NULL, `peso` = NULL, `altura` = NULL, `id_genero` = NULL, `activo` = NULL
WHERE `pacientes`.`id_paciente` IN (\'3\')', 0)
 2 SYSTEMPATH\Database\BaseConnection.php(734): CodeIgniter\Database\MySQLi\Connection->execute('UPDATE `pacientes` SET `telefono` = NULL, `direccion` = NULL, `peso` = NULL, `altura` = NULL, `id_genero` = NULL, `activo` = NULL
WHERE `pacientes`.`id_paciente` IN (\'3\')')
 3 SYSTEMPATH\Database\BaseConnection.php(648): CodeIgniter\Database\BaseConnection->simpleQuery('UPDATE `pacientes` SET `telefono` = NULL, `direccion` = NULL, `peso` = NULL, `altura` = NULL, `id_genero` = NULL, `activo` = NULL
WHERE `pacientes`.`id_paciente` IN (\'3\')')
 4 SYSTEMPATH\Database\BaseBuilder.php(2516): CodeIgniter\Database\BaseConnection->query('UPDATE `pacientes` SET `telefono` = :telefono:, `direccion` = :direccion:, `peso` = :peso:, `altura` = :altura:, `id_genero` = :id_genero:, `activo` = :activo:
WHERE `pacientes`.`id_paciente` IN :pacientes.id_paciente:', [...], false)
 5 SYSTEMPATH\Model.php(461): CodeIgniter\Database\BaseBuilder->update()
 6 SYSTEMPATH\BaseModel.php(1028): CodeIgniter\Model->doUpdate([...], [...])
 7 SYSTEMPATH\Model.php(865): CodeIgniter\BaseModel->update([...], [...])
 8 APPPATH\Controllers\Pacientes\PacienteController.php(63): CodeIgniter\Model->update('3', [...])
 9 SYSTEMPATH\CodeIgniter.php(933): App\Controllers\Pacientes\PacienteController->actualizar()
10 SYSTEMPATH\CodeIgniter.php(509): CodeIgniter\CodeIgniter->runController(Object(App\Controllers\Pacientes\PacienteController))
11 SYSTEMPATH\CodeIgniter.php(355): CodeIgniter\CodeIgniter->handleRequest(null, Object(Config\Cache), false)
12 SYSTEMPATH\Boot.php(325): CodeIgniter\CodeIgniter->run()
13 SYSTEMPATH\Boot.php(67): CodeIgniter\Boot::runCodeIgniter(Object(CodeIgniter\CodeIgniter))
14 FCPATH\index.php(56): CodeIgniter\Boot::bootWeb(Object(Config\Paths))
ERROR - 2024-09-25 14:51:22 --> mysqli_sql_exception: Cannot add or update a child row: a foreign key constraint fails (`fs2024_proyecto2`.`pacientes`, CONSTRAINT `fk_id_genero` FOREIGN KEY (`id_genero`) REFERENCES `generos` (`id_genero`) ON DELETE CASCADE ON UPDATE CASCADE) in C:\xampp\htdocs\Clinica-Medica-Grupo-4\system\Database\MySQLi\Connection.php:312
Stack trace:
#0 C:\xampp\htdocs\Clinica-Medica-Grupo-4\system\Database\MySQLi\Connection.php(312): mysqli->query('UPDATE `pacient...', 0)
#1 C:\xampp\htdocs\Clinica-Medica-Grupo-4\system\Database\BaseConnection.php(734): CodeIgniter\Database\MySQLi\Connection->execute('UPDATE `pacient...')
#2 C:\xampp\htdocs\Clinica-Medica-Grupo-4\system\Database\BaseConnection.php(648): CodeIgniter\Database\BaseConnection->simpleQuery('UPDATE `pacient...')
#3 C:\xampp\htdocs\Clinica-Medica-Grupo-4\system\Database\BaseBuilder.php(2516): CodeIgniter\Database\BaseConnection->query('UPDATE `pacient...', Array, false)
#4 C:\xampp\htdocs\Clinica-Medica-Grupo-4\system\Model.php(461): CodeIgniter\Database\BaseBuilder->update()
#5 C:\xampp\htdocs\Clinica-Medica-Grupo-4\system\BaseModel.php(1028): CodeIgniter\Model->doUpdate(Array, Array)
#6 C:\xampp\htdocs\Clinica-Medica-Grupo-4\system\Model.php(865): CodeIgniter\BaseModel->update(Array, Array)
#7 C:\xampp\htdocs\Clinica-Medica-Grupo-4\app\Controllers\Pacientes\PacienteController.php(63): CodeIgniter\Model->update('3', Array)
#8 C:\xampp\htdocs\Clinica-Medica-Grupo-4\system\CodeIgniter.php(933): App\Controllers\Pacientes\PacienteController->actualizar()
#9 C:\xampp\htdocs\Clinica-Medica-Grupo-4\system\CodeIgniter.php(509): CodeIgniter\CodeIgniter->runController(Object(App\Controllers\Pacientes\PacienteController))
#10 C:\xampp\htdocs\Clinica-Medica-Grupo-4\system\CodeIgniter.php(355): CodeIgniter\CodeIgniter->handleRequest(NULL, Object(Config\Cache), false)
#11 C:\xampp\htdocs\Clinica-Medica-Grupo-4\system\Boot.php(325): CodeIgniter\CodeIgniter->run()
#12 C:\xampp\htdocs\Clinica-Medica-Grupo-4\system\Boot.php(67): CodeIgniter\Boot::runCodeIgniter(Object(CodeIgniter\CodeIgniter))
#13 C:\xampp\htdocs\Clinica-Medica-Grupo-4\public\index.php(56): CodeIgniter\Boot::bootWeb(Object(Config\Paths))
#14 {main}
CRITICAL - 2024-09-25 14:51:22 --> CodeIgniter\Database\Exceptions\DatabaseException: Cannot add or update a child row: a foreign key constraint fails (`fs2024_proyecto2`.`pacientes`, CONSTRAINT `fk_id_genero` FOREIGN KEY (`id_genero`) REFERENCES `generos` (`id_genero`) ON DELETE CASCADE ON UPDATE CASCADE)
[Method: POST, Route: pacientes/actualizar_perfil]
in SYSTEMPATH\Database\BaseConnection.php on line 688.
 1 SYSTEMPATH\Database\BaseBuilder.php(2516): CodeIgniter\Database\BaseConnection->query('UPDATE `pacientes` SET `telefono` = :telefono:, `direccion` = :direccion:, `peso` = :peso:, `altura` = :altura:, `id_genero` = :id_genero:, `activo` = :activo:
WHERE `pacientes`.`id_paciente` IN :pacientes.id_paciente:', [...], false)
 2 SYSTEMPATH\Model.php(461): CodeIgniter\Database\BaseBuilder->update()
 3 SYSTEMPATH\BaseModel.php(1028): CodeIgniter\Model->doUpdate([...], [...])
 4 SYSTEMPATH\Model.php(865): CodeIgniter\BaseModel->update([...], [...])
 5 APPPATH\Controllers\Pacientes\PacienteController.php(63): CodeIgniter\Model->update('3', [...])
 6 SYSTEMPATH\CodeIgniter.php(933): App\Controllers\Pacientes\PacienteController->actualizar()
 7 SYSTEMPATH\CodeIgniter.php(509): CodeIgniter\CodeIgniter->runController(Object(App\Controllers\Pacientes\PacienteController))
 8 SYSTEMPATH\CodeIgniter.php(355): CodeIgniter\CodeIgniter->handleRequest(null, Object(Config\Cache), false)
 9 SYSTEMPATH\Boot.php(325): CodeIgniter\CodeIgniter->run()
10 SYSTEMPATH\Boot.php(67): CodeIgniter\Boot::runCodeIgniter(Object(CodeIgniter\CodeIgniter))
11 FCPATH\index.php(56): CodeIgniter\Boot::bootWeb(Object(Config\Paths))
CRITICAL - 2024-09-25 14:51:22 --> [Caused by] CodeIgniter\Database\Exceptions\DatabaseException: Cannot add or update a child row: a foreign key constraint fails (`fs2024_proyecto2`.`pacientes`, CONSTRAINT `fk_id_genero` FOREIGN KEY (`id_genero`) REFERENCES `generos` (`id_genero`) ON DELETE CASCADE ON UPDATE CASCADE)
in SYSTEMPATH\Database\MySQLi\Connection.php on line 317.
 1 SYSTEMPATH\Database\BaseConnection.php(734): CodeIgniter\Database\MySQLi\Connection->execute('UPDATE `pacientes` SET `telefono` = NULL, `direccion` = NULL, `peso` = NULL, `altura` = NULL, `id_genero` = NULL, `activo` = NULL
WHERE `pacientes`.`id_paciente` IN (\'3\')')
 2 SYSTEMPATH\Database\BaseConnection.php(648): CodeIgniter\Database\BaseConnection->simpleQuery('UPDATE `pacientes` SET `telefono` = NULL, `direccion` = NULL, `peso` = NULL, `altura` = NULL, `id_genero` = NULL, `activo` = NULL
WHERE `pacientes`.`id_paciente` IN (\'3\')')
 3 SYSTEMPATH\Database\BaseBuilder.php(2516): CodeIgniter\Database\BaseConnection->query('UPDATE `pacientes` SET `telefono` = :telefono:, `direccion` = :direccion:, `peso` = :peso:, `altura` = :altura:, `id_genero` = :id_genero:, `activo` = :activo:
WHERE `pacientes`.`id_paciente` IN :pacientes.id_paciente:', [...], false)
 4 SYSTEMPATH\Model.php(461): CodeIgniter\Database\BaseBuilder->update()
 5 SYSTEMPATH\BaseModel.php(1028): CodeIgniter\Model->doUpdate([...], [...])
 6 SYSTEMPATH\Model.php(865): CodeIgniter\BaseModel->update([...], [...])
 7 APPPATH\Controllers\Pacientes\PacienteController.php(63): CodeIgniter\Model->update('3', [...])
 8 SYSTEMPATH\CodeIgniter.php(933): App\Controllers\Pacientes\PacienteController->actualizar()
 9 SYSTEMPATH\CodeIgniter.php(509): CodeIgniter\CodeIgniter->runController(Object(App\Controllers\Pacientes\PacienteController))
10 SYSTEMPATH\CodeIgniter.php(355): CodeIgniter\CodeIgniter->handleRequest(null, Object(Config\Cache), false)
11 SYSTEMPATH\Boot.php(325): CodeIgniter\CodeIgniter->run()
12 SYSTEMPATH\Boot.php(67): CodeIgniter\Boot::runCodeIgniter(Object(CodeIgniter\CodeIgniter))
13 FCPATH\index.php(56): CodeIgniter\Boot::bootWeb(Object(Config\Paths))
CRITICAL - 2024-09-25 14:51:22 --> [Caused by] mysqli_sql_exception: Cannot add or update a child row: a foreign key constraint fails (`fs2024_proyecto2`.`pacientes`, CONSTRAINT `fk_id_genero` FOREIGN KEY (`id_genero`) REFERENCES `generos` (`id_genero`) ON DELETE CASCADE ON UPDATE CASCADE)
in SYSTEMPATH\Database\MySQLi\Connection.php on line 312.
 1 SYSTEMPATH\Database\MySQLi\Connection.php(312): mysqli->query('UPDATE `pacientes` SET `telefono` = NULL, `direccion` = NULL, `peso` = NULL, `altura` = NULL, `id_genero` = NULL, `activo` = NULL
WHERE `pacientes`.`id_paciente` IN (\'3\')', 0)
 2 SYSTEMPATH\Database\BaseConnection.php(734): CodeIgniter\Database\MySQLi\Connection->execute('UPDATE `pacientes` SET `telefono` = NULL, `direccion` = NULL, `peso` = NULL, `altura` = NULL, `id_genero` = NULL, `activo` = NULL
WHERE `pacientes`.`id_paciente` IN (\'3\')')
 3 SYSTEMPATH\Database\BaseConnection.php(648): CodeIgniter\Database\BaseConnection->simpleQuery('UPDATE `pacientes` SET `telefono` = NULL, `direccion` = NULL, `peso` = NULL, `altura` = NULL, `id_genero` = NULL, `activo` = NULL
WHERE `pacientes`.`id_paciente` IN (\'3\')')
 4 SYSTEMPATH\Database\BaseBuilder.php(2516): CodeIgniter\Database\BaseConnection->query('UPDATE `pacientes` SET `telefono` = :telefono:, `direccion` = :direccion:, `peso` = :peso:, `altura` = :altura:, `id_genero` = :id_genero:, `activo` = :activo:
WHERE `pacientes`.`id_paciente` IN :pacientes.id_paciente:', [...], false)
 5 SYSTEMPATH\Model.php(461): CodeIgniter\Database\BaseBuilder->update()
 6 SYSTEMPATH\BaseModel.php(1028): CodeIgniter\Model->doUpdate([...], [...])
 7 SYSTEMPATH\Model.php(865): CodeIgniter\BaseModel->update([...], [...])
 8 APPPATH\Controllers\Pacientes\PacienteController.php(63): CodeIgniter\Model->update('3', [...])
 9 SYSTEMPATH\CodeIgniter.php(933): App\Controllers\Pacientes\PacienteController->actualizar()
10 SYSTEMPATH\CodeIgniter.php(509): CodeIgniter\CodeIgniter->runController(Object(App\Controllers\Pacientes\PacienteController))
11 SYSTEMPATH\CodeIgniter.php(355): CodeIgniter\CodeIgniter->handleRequest(null, Object(Config\Cache), false)
12 SYSTEMPATH\Boot.php(325): CodeIgniter\CodeIgniter->run()
13 SYSTEMPATH\Boot.php(67): CodeIgniter\Boot::runCodeIgniter(Object(CodeIgniter\CodeIgniter))
14 FCPATH\index.php(56): CodeIgniter\Boot::bootWeb(Object(Config\Paths))
ERROR - 2024-09-25 14:51:35 --> mysqli_sql_exception: Cannot add or update a child row: a foreign key constraint fails (`fs2024_proyecto2`.`pacientes`, CONSTRAINT `fk_id_genero` FOREIGN KEY (`id_genero`) REFERENCES `generos` (`id_genero`) ON DELETE CASCADE ON UPDATE CASCADE) in C:\xampp\htdocs\Clinica-Medica-Grupo-4\system\Database\MySQLi\Connection.php:312
Stack trace:
#0 C:\xampp\htdocs\Clinica-Medica-Grupo-4\system\Database\MySQLi\Connection.php(312): mysqli->query('UPDATE `pacient...', 0)
#1 C:\xampp\htdocs\Clinica-Medica-Grupo-4\system\Database\BaseConnection.php(734): CodeIgniter\Database\MySQLi\Connection->execute('UPDATE `pacient...')
#2 C:\xampp\htdocs\Clinica-Medica-Grupo-4\system\Database\BaseConnection.php(648): CodeIgniter\Database\BaseConnection->simpleQuery('UPDATE `pacient...')
#3 C:\xampp\htdocs\Clinica-Medica-Grupo-4\system\Database\BaseBuilder.php(2516): CodeIgniter\Database\BaseConnection->query('UPDATE `pacient...', Array, false)
#4 C:\xampp\htdocs\Clinica-Medica-Grupo-4\system\Model.php(461): CodeIgniter\Database\BaseBuilder->update()
#5 C:\xampp\htdocs\Clinica-Medica-Grupo-4\system\BaseModel.php(1028): CodeIgniter\Model->doUpdate(Array, Array)
#6 C:\xampp\htdocs\Clinica-Medica-Grupo-4\system\Model.php(865): CodeIgniter\BaseModel->update(Array, Array)
#7 C:\xampp\htdocs\Clinica-Medica-Grupo-4\app\Controllers\Pacientes\PacienteController.php(63): CodeIgniter\Model->update('3', Array)
#8 C:\xampp\htdocs\Clinica-Medica-Grupo-4\system\CodeIgniter.php(933): App\Controllers\Pacientes\PacienteController->actualizar()
#9 C:\xampp\htdocs\Clinica-Medica-Grupo-4\system\CodeIgniter.php(509): CodeIgniter\CodeIgniter->runController(Object(App\Controllers\Pacientes\PacienteController))
#10 C:\xampp\htdocs\Clinica-Medica-Grupo-4\system\CodeIgniter.php(355): CodeIgniter\CodeIgniter->handleRequest(NULL, Object(Config\Cache), false)
#11 C:\xampp\htdocs\Clinica-Medica-Grupo-4\system\Boot.php(325): CodeIgniter\CodeIgniter->run()
#12 C:\xampp\htdocs\Clinica-Medica-Grupo-4\system\Boot.php(67): CodeIgniter\Boot::runCodeIgniter(Object(CodeIgniter\CodeIgniter))
#13 C:\xampp\htdocs\Clinica-Medica-Grupo-4\public\index.php(56): CodeIgniter\Boot::bootWeb(Object(Config\Paths))
#14 {main}
CRITICAL - 2024-09-25 14:51:35 --> CodeIgniter\Database\Exceptions\DatabaseException: Cannot add or update a child row: a foreign key constraint fails (`fs2024_proyecto2`.`pacientes`, CONSTRAINT `fk_id_genero` FOREIGN KEY (`id_genero`) REFERENCES `generos` (`id_genero`) ON DELETE CASCADE ON UPDATE CASCADE)
[Method: POST, Route: pacientes/actualizar_perfil]
in SYSTEMPATH\Database\BaseConnection.php on line 688.
 1 SYSTEMPATH\Database\BaseBuilder.php(2516): CodeIgniter\Database\BaseConnection->query('UPDATE `pacientes` SET `telefono` = :telefono:, `direccion` = :direccion:, `peso` = :peso:, `altura` = :altura:, `id_genero` = :id_genero:, `activo` = :activo:
WHERE `pacientes`.`id_paciente` IN :pacientes.id_paciente:', [...], false)
 2 SYSTEMPATH\Model.php(461): CodeIgniter\Database\BaseBuilder->update()
 3 SYSTEMPATH\BaseModel.php(1028): CodeIgniter\Model->doUpdate([...], [...])
 4 SYSTEMPATH\Model.php(865): CodeIgniter\BaseModel->update([...], [...])
 5 APPPATH\Controllers\Pacientes\PacienteController.php(63): CodeIgniter\Model->update('3', [...])
 6 SYSTEMPATH\CodeIgniter.php(933): App\Controllers\Pacientes\PacienteController->actualizar()
 7 SYSTEMPATH\CodeIgniter.php(509): CodeIgniter\CodeIgniter->runController(Object(App\Controllers\Pacientes\PacienteController))
 8 SYSTEMPATH\CodeIgniter.php(355): CodeIgniter\CodeIgniter->handleRequest(null, Object(Config\Cache), false)
 9 SYSTEMPATH\Boot.php(325): CodeIgniter\CodeIgniter->run()
10 SYSTEMPATH\Boot.php(67): CodeIgniter\Boot::runCodeIgniter(Object(CodeIgniter\CodeIgniter))
11 FCPATH\index.php(56): CodeIgniter\Boot::bootWeb(Object(Config\Paths))
CRITICAL - 2024-09-25 14:51:35 --> [Caused by] CodeIgniter\Database\Exceptions\DatabaseException: Cannot add or update a child row: a foreign key constraint fails (`fs2024_proyecto2`.`pacientes`, CONSTRAINT `fk_id_genero` FOREIGN KEY (`id_genero`) REFERENCES `generos` (`id_genero`) ON DELETE CASCADE ON UPDATE CASCADE)
in SYSTEMPATH\Database\MySQLi\Connection.php on line 317.
 1 SYSTEMPATH\Database\BaseConnection.php(734): CodeIgniter\Database\MySQLi\Connection->execute('UPDATE `pacientes` SET `telefono` = NULL, `direccion` = NULL, `peso` = NULL, `altura` = NULL, `id_genero` = NULL, `activo` = NULL
WHERE `pacientes`.`id_paciente` IN (\'3\')')
 2 SYSTEMPATH\Database\BaseConnection.php(648): CodeIgniter\Database\BaseConnection->simpleQuery('UPDATE `pacientes` SET `telefono` = NULL, `direccion` = NULL, `peso` = NULL, `altura` = NULL, `id_genero` = NULL, `activo` = NULL
WHERE `pacientes`.`id_paciente` IN (\'3\')')
 3 SYSTEMPATH\Database\BaseBuilder.php(2516): CodeIgniter\Database\BaseConnection->query('UPDATE `pacientes` SET `telefono` = :telefono:, `direccion` = :direccion:, `peso` = :peso:, `altura` = :altura:, `id_genero` = :id_genero:, `activo` = :activo:
WHERE `pacientes`.`id_paciente` IN :pacientes.id_paciente:', [...], false)
 4 SYSTEMPATH\Model.php(461): CodeIgniter\Database\BaseBuilder->update()
 5 SYSTEMPATH\BaseModel.php(1028): CodeIgniter\Model->doUpdate([...], [...])
 6 SYSTEMPATH\Model.php(865): CodeIgniter\BaseModel->update([...], [...])
 7 APPPATH\Controllers\Pacientes\PacienteController.php(63): CodeIgniter\Model->update('3', [...])
 8 SYSTEMPATH\CodeIgniter.php(933): App\Controllers\Pacientes\PacienteController->actualizar()
 9 SYSTEMPATH\CodeIgniter.php(509): CodeIgniter\CodeIgniter->runController(Object(App\Controllers\Pacientes\PacienteController))
10 SYSTEMPATH\CodeIgniter.php(355): CodeIgniter\CodeIgniter->handleRequest(null, Object(Config\Cache), false)
11 SYSTEMPATH\Boot.php(325): CodeIgniter\CodeIgniter->run()
12 SYSTEMPATH\Boot.php(67): CodeIgniter\Boot::runCodeIgniter(Object(CodeIgniter\CodeIgniter))
13 FCPATH\index.php(56): CodeIgniter\Boot::bootWeb(Object(Config\Paths))
CRITICAL - 2024-09-25 14:51:35 --> [Caused by] mysqli_sql_exception: Cannot add or update a child row: a foreign key constraint fails (`fs2024_proyecto2`.`pacientes`, CONSTRAINT `fk_id_genero` FOREIGN KEY (`id_genero`) REFERENCES `generos` (`id_genero`) ON DELETE CASCADE ON UPDATE CASCADE)
in SYSTEMPATH\Database\MySQLi\Connection.php on line 312.
 1 SYSTEMPATH\Database\MySQLi\Connection.php(312): mysqli->query('UPDATE `pacientes` SET `telefono` = NULL, `direccion` = NULL, `peso` = NULL, `altura` = NULL, `id_genero` = NULL, `activo` = NULL
WHERE `pacientes`.`id_paciente` IN (\'3\')', 0)
 2 SYSTEMPATH\Database\BaseConnection.php(734): CodeIgniter\Database\MySQLi\Connection->execute('UPDATE `pacientes` SET `telefono` = NULL, `direccion` = NULL, `peso` = NULL, `altura` = NULL, `id_genero` = NULL, `activo` = NULL
WHERE `pacientes`.`id_paciente` IN (\'3\')')
 3 SYSTEMPATH\Database\BaseConnection.php(648): CodeIgniter\Database\BaseConnection->simpleQuery('UPDATE `pacientes` SET `telefono` = NULL, `direccion` = NULL, `peso` = NULL, `altura` = NULL, `id_genero` = NULL, `activo` = NULL
WHERE `pacientes`.`id_paciente` IN (\'3\')')
 4 SYSTEMPATH\Database\BaseBuilder.php(2516): CodeIgniter\Database\BaseConnection->query('UPDATE `pacientes` SET `telefono` = :telefono:, `direccion` = :direccion:, `peso` = :peso:, `altura` = :altura:, `id_genero` = :id_genero:, `activo` = :activo:
WHERE `pacientes`.`id_paciente` IN :pacientes.id_paciente:', [...], false)
 5 SYSTEMPATH\Model.php(461): CodeIgniter\Database\BaseBuilder->update()
 6 SYSTEMPATH\BaseModel.php(1028): CodeIgniter\Model->doUpdate([...], [...])
 7 SYSTEMPATH\Model.php(865): CodeIgniter\BaseModel->update([...], [...])
 8 APPPATH\Controllers\Pacientes\PacienteController.php(63): CodeIgniter\Model->update('3', [...])
 9 SYSTEMPATH\CodeIgniter.php(933): App\Controllers\Pacientes\PacienteController->actualizar()
10 SYSTEMPATH\CodeIgniter.php(509): CodeIgniter\CodeIgniter->runController(Object(App\Controllers\Pacientes\PacienteController))
11 SYSTEMPATH\CodeIgniter.php(355): CodeIgniter\CodeIgniter->handleRequest(null, Object(Config\Cache), false)
12 SYSTEMPATH\Boot.php(325): CodeIgniter\CodeIgniter->run()
13 SYSTEMPATH\Boot.php(67): CodeIgniter\Boot::runCodeIgniter(Object(CodeIgniter\CodeIgniter))
14 FCPATH\index.php(56): CodeIgniter\Boot::bootWeb(Object(Config\Paths))
INFO - 2024-09-25 14:57:31 --> Session: Class initialized using 'CodeIgniter\Session\Handlers\FileHandler' driver.
INFO - 2024-09-25 14:57:56 --> Session: Class initialized using 'CodeIgniter\Session\Handlers\FileHandler' driver.
